  FrameWork.cpp
  Game1.cpp
D:\Visual Studio\SEPD\SEPD\Game1.cpp(1382,13): warning C4390: “;”: 找到空的受控语句；这是否是有意的?
D:\Visual Studio\SEPD\SEPD\Game1.cpp(192,8): warning C4101: “timeStr”: 未引用的局部变量
  Game2.cpp
D:\Visual Studio\SEPD\SEPD\Game2.cpp(284,26): warning C4244: “=”: 从“double”转换到“int”，可能丢失数据
D:\Visual Studio\SEPD\SEPD\Game2.cpp(285,26): warning C4244: “=”: 从“double”转换到“int”，可能丢失数据
D:\Visual Studio\SEPD\SEPD\Game2.cpp(286,27): warning C4244: “=”: 从“double”转换到“int”，可能丢失数据
D:\Visual Studio\SEPD\SEPD\Game2.cpp(287,27): warning C4244: “=”: 从“double”转换到“int”，可能丢失数据
D:\Visual Studio\SEPD\SEPD\Game2.cpp(288,27): warning C4244: “=”: 从“double”转换到“int”，可能丢失数据
D:\Visual Studio\SEPD\SEPD\Game2.cpp(289,27): warning C4244: “=”: 从“double”转换到“int”，可能丢失数据
D:\Visual Studio\SEPD\SEPD\Game2.cpp(308,44): warning C4244: “=”: 从“double”转换到“int”，可能丢失数据
D:\Visual Studio\SEPD\SEPD\Game2.cpp(309,44): warning C4244: “=”: 从“double”转换到“int”，可能丢失数据
  Game3.cpp
D:\Visual Studio\SEPD\SEPD\Game3.cpp(20,13): warning C4244: “=”: 从“double”转换到“float”，可能丢失数据
D:\Visual Studio\SEPD\SEPD\Game3.cpp(21,16): warning C4244: “=”: 从“double”转换到“float”，可能丢失数据
D:\Visual Studio\SEPD\SEPD\Game3.cpp(22,16): warning C4244: “=”: 从“double”转换到“float”，可能丢失数据
D:\Visual Studio\SEPD\SEPD\Game3.cpp(51,15): warning C4244: “参数”: 从“float”转换到“int”，可能丢失数据
D:\Visual Studio\SEPD\SEPD\Game3.cpp(51,12): warning C4244: “参数”: 从“float”转换到“int”，可能丢失数据
D:\Visual Studio\SEPD\SEPD\Game3.cpp(52,15): warning C4244: “参数”: 从“float”转换到“int”，可能丢失数据
D:\Visual Studio\SEPD\SEPD\Game3.cpp(52,12): warning C4244: “参数”: 从“float”转换到“int”，可能丢失数据
D:\Visual Studio\SEPD\SEPD\Game3.cpp(82,22): warning C4244: “参数”: 从“float”转换到“int”，可能丢失数据
D:\Visual Studio\SEPD\SEPD\Game3.cpp(82,14): warning C4244: “参数”: 从“float”转换到“int”，可能丢失数据
D:\Visual Studio\SEPD\SEPD\Game3.cpp(88,23): warning C4244: “参数”: 从“float”转换到“int”，可能丢失数据
D:\Visual Studio\SEPD\SEPD\Game3.cpp(88,15): warning C4244: “参数”: 从“float”转换到“int”，可能丢失数据
D:\Visual Studio\SEPD\SEPD\Game3.cpp(93,48): warning C4244: “参数”: 从“double”转换到“int”，可能丢失数据
D:\Visual Studio\SEPD\SEPD\Game3.cpp(93,22): warning C4244: “参数”: 从“double”转换到“int”，可能丢失数据
D:\Visual Studio\SEPD\SEPD\Game3.cpp(94,48): warning C4244: “参数”: 从“double”转换到“int”，可能丢失数据
D:\Visual Studio\SEPD\SEPD\Game3.cpp(94,22): warning C4244: “参数”: 从“double”转换到“int”，可能丢失数据
D:\Visual Studio\SEPD\SEPD\Game3.cpp(99,24): warning C4244: “参数”: 从“float”转换到“int”，可能丢失数据
D:\Visual Studio\SEPD\SEPD\Game3.cpp(99,16): warning C4244: “参数”: 从“float”转换到“int”，可能丢失数据
D:\Visual Studio\SEPD\SEPD\Game3.cpp(100,24): warning C4244: “参数”: 从“float”转换到“int”，可能丢失数据
D:\Visual Studio\SEPD\SEPD\Game3.cpp(100,16): warning C4244: “参数”: 从“float”转换到“int”，可能丢失数据
D:\Visual Studio\SEPD\SEPD\Game3.cpp(101,24): warning C4244: “参数”: 从“float”转换到“int”，可能丢失数据
D:\Visual Studio\SEPD\SEPD\Game3.cpp(101,16): warning C4244: “参数”: 从“float”转换到“int”，可能丢失数据
D:\Visual Studio\SEPD\SEPD\Game3.cpp(102,24): warning C4244: “参数”: 从“float”转换到“int”，可能丢失数据
D:\Visual Studio\SEPD\SEPD\Game3.cpp(102,16): warning C4244: “参数”: 从“float”转换到“int”，可能丢失数据
D:\Visual Studio\SEPD\SEPD\Game3.cpp(106,24): warning C4244: “参数”: 从“float”转换到“int”，可能丢失数据
D:\Visual Studio\SEPD\SEPD\Game3.cpp(106,16): warning C4244: “参数”: 从“float”转换到“int”，可能丢失数据
D:\Visual Studio\SEPD\SEPD\Game3.cpp(107,24): warning C4244: “参数”: 从“float”转换到“int”，可能丢失数据
D:\Visual Studio\SEPD\SEPD\Game3.cpp(107,16): warning C4244: “参数”: 从“float”转换到“int”，可能丢失数据
D:\Visual Studio\SEPD\SEPD\Game3.cpp(108,24): warning C4244: “参数”: 从“float”转换到“int”，可能丢失数据
D:\Visual Studio\SEPD\SEPD\Game3.cpp(108,16): warning C4244: “参数”: 从“float”转换到“int”，可能丢失数据
D:\Visual Studio\SEPD\SEPD\Game3.cpp(109,24): warning C4244: “参数”: 从“float”转换到“int”，可能丢失数据
D:\Visual Studio\SEPD\SEPD\Game3.cpp(109,16): warning C4244: “参数”: 从“float”转换到“int”，可能丢失数据
D:\Visual Studio\SEPD\SEPD\Game3.cpp(136,44): warning C4244: “参数”: 从“float”转换到“int”，可能丢失数据
D:\Visual Studio\SEPD\SEPD\Game3.cpp(142,22): warning C4244: “=”: 从“int”转换到“float”，可能丢失数据
D:\Visual Studio\SEPD\SEPD\Game3.cpp(143,23): warning C4244: “=”: 从“int”转换到“float”，可能丢失数据
D:\Visual Studio\SEPD\SEPD\Game3.cpp(144,26): warning C4244: “参数”: 从“float”转换到“int”，可能丢失数据
D:\Visual Studio\SEPD\SEPD\Game3.cpp(144,15): warning C4244: “参数”: 从“float”转换到“int”，可能丢失数据
D:\Visual Studio\SEPD\SEPD\Game3.cpp(145,26): warning C4244: “参数”: 从“float”转换到“int”，可能丢失数据
D:\Visual Studio\SEPD\SEPD\Game3.cpp(145,15): warning C4244: “参数”: 从“float”转换到“int”，可能丢失数据
D:\Visual Studio\SEPD\SEPD\Game3.cpp(147,63): warning C4244: “参数”: 从“float”转换到“int”，可能丢失数据
D:\Visual Studio\SEPD\SEPD\Game3.cpp(147,40): warning C4244: “参数”: 从“float”转换到“int”，可能丢失数据
D:\Visual Studio\SEPD\SEPD\Game3.cpp(147,31): warning C4244: “参数”: 从“float”转换到“int”，可能丢失数据
D:\Visual Studio\SEPD\SEPD\Game3.cpp(147,15): warning C4244: “参数”: 从“float”转换到“int”，可能丢失数据
D:\Visual Studio\SEPD\SEPD\Game3.cpp(273,1): warning C4305: “=”: 从“double”到“float”截断
  Game4.cpp
  SEPD.cpp
  正在生成代码
  Previous IPDB not found, fall back to full compilation.
D:\Visual Studio\SEPD\SEPD\Game2.cpp(490): warning C4715: “RunGame2”: 不是所有的控件路径都返回值
D:\Visual Studio\SEPD\SEPD\Game1.cpp(2457): warning C4715: “RunGame1”: 不是所有的控件路径都返回值
  All 179 functions were compiled because no usable IPDB/IOBJ from previous compilation was found.
  已完成代码的生成
  SEPD.vcxproj -> D:\Visual Studio\SEPD\Release\SEPD.exe
